2023-06-21 11:17:25,409 INFO o.a.j.u.JMeterUtils: Setting Locale to en_EN
2023-06-21 11:17:25,422 INFO o.a.j.JMeter: Loading user properties from: C:\Users\RAC IT\Desktop\apache-jmeter-5.5\bin\user.properties
2023-06-21 11:17:25,423 INFO o.a.j.JMeter: Loading system properties from: C:\Users\RAC IT\Desktop\apache-jmeter-5.5\bin\system.properties
2023-06-21 11:17:25,432 INFO o.a.j.JMeter: Copyright (c) 1998-2022 The Apache Software Foundation
2023-06-21 11:17:25,432 INFO o.a.j.JMeter: Version 5.5
2023-06-21 11:17:25,432 INFO o.a.j.JMeter: java.version=1.8.0_371
2023-06-21 11:17:25,432 INFO o.a.j.JMeter: java.vm.name=Java HotSpot(TM) 64-Bit Server VM
2023-06-21 11:17:25,433 INFO o.a.j.JMeter: os.name=Windows 11
2023-06-21 11:17:25,433 INFO o.a.j.JMeter: os.arch=amd64
2023-06-21 11:17:25,433 INFO o.a.j.JMeter: os.version=10.0
2023-06-21 11:17:25,433 INFO o.a.j.JMeter: file.encoding=Cp1252
2023-06-21 11:17:25,433 INFO o.a.j.JMeter: java.awt.headless=null
2023-06-21 11:17:25,433 INFO o.a.j.JMeter: Max memory     =1073741824
2023-06-21 11:17:25,433 INFO o.a.j.JMeter: Available Processors =8
2023-06-21 11:17:25,437 INFO o.a.j.JMeter: Default Locale=English (EN)
2023-06-21 11:17:25,438 INFO o.a.j.JMeter: JMeter  Locale=English (EN)
2023-06-21 11:17:25,438 INFO o.a.j.JMeter: JMeterHome=C:\Users\RAC IT\Desktop\apache-jmeter-5.5
2023-06-21 11:17:25,438 INFO o.a.j.JMeter: user.dir  =C:\Users\RAC IT\Desktop\BMS Performance
2023-06-21 11:17:25,438 INFO o.a.j.JMeter: PWD       =C:\Users\RAC IT\Desktop\BMS Performance
2023-06-21 11:17:25,465 INFO o.a.j.JMeter: IP: 10.254.152.98 Name: DESKTOP-J9MPAVI FullName: 10.254.152.98
2023-06-21 11:17:25,496 INFO o.a.j.JMeter: Loaded icon properties from org/apache/jmeter/images/icon.properties
2023-06-21 11:17:25,677 INFO o.a.j.JMeterGuiLauncher: Setting LAF to: com.github.weisj.darklaf.DarkLaf:com.github.weisj.darklaf.theme.DarculaTheme
2023-06-21 11:17:27,697 INFO o.j.r.JARSourceHTTP: Found cached repo
2023-06-21 11:17:27,938 INFO o.j.r.PluginManager: Plugins Status: [jpgc-graphs-basic=2.0, jpgc-plugins-manager=1.7, jpgc-webdriver=3.3, jmeter-core=5.5, jmeter-ftp=5.5, jmeter-http=5.5, jmeter-jdbc=5.5, jmeter-jms=5.5, jmeter-junit=5.5, jmeter-java=5.5, jmeter-ldap=5.5, jmeter-mail=5.5, jmeter-mongodb=5.5, jmeter-native=5.5, jmeter-tcp=5.5, jmeter-components=5.5]
2023-06-21 11:17:27,939 INFO o.j.r.PluginManagerMenuItem: Plugins Manager has upgrades: [jpgc-plugins-manager, jpgc-webdriver]
2023-06-21 11:17:41,347 INFO o.a.j.s.FileServer: Default base='C:\Users\RAC IT\Desktop\BMS Performance'
2023-06-21 11:17:41,349 INFO o.a.j.g.a.Load: Loading file: C:\Users\RAC IT\Desktop\BMS Performance\BMS-Performance.jmx
2023-06-21 11:17:41,349 INFO o.a.j.s.FileServer: Set new base='C:\Users\RAC IT\Desktop\BMS Performance'
2023-06-21 11:17:41,476 INFO o.a.j.s.SaveService: Testplan (JMX) version: 2.2. Testlog (JTL) version: 2.2
2023-06-21 11:17:41,486 INFO o.a.j.s.SaveService: Using SaveService properties file encoding UTF-8
2023-06-21 11:17:41,487 INFO o.a.j.s.SaveService: Using SaveService properties version 5.0
2023-06-21 11:17:41,491 INFO o.a.j.s.SaveService: Loading file: C:\Users\RAC IT\Desktop\BMS Performance\BMS-Performance.jmx
2023-06-21 11:17:41,634 INFO o.a.j.p.h.c.CookieManager: Settings: Delete null: true Check: true Allow variable: true Save: false Prefix: COOKIE_
2023-06-21 11:17:41,636 INFO o.a.j.p.h.c.CacheManager: Will only cache the following methods: [GET]
2023-06-21 11:17:41,678 INFO o.a.j.s.SampleResult: Note: Sample TimeStamps are START times
2023-06-21 11:17:41,678 INFO o.a.j.s.SampleResult: sampleresult.default.encoding is set to ISO-8859-1
2023-06-21 11:17:41,679 INFO o.a.j.s.SampleResult: sampleresult.useNanoTime=true
2023-06-21 11:17:41,679 INFO o.a.j.s.SampleResult: sampleresult.nanoThreadSleep=5000
2023-06-21 11:17:42,243 INFO o.a.j.s.FileServer: Set new base='C:\Users\RAC IT\Desktop\BMS Performance'
2023-06-21 11:17:52,019 INFO o.a.j.e.StandardJMeterEngine: Running the test!
2023-06-21 11:17:52,020 INFO o.a.j.s.SampleEvent: List of sample_variables: []
2023-06-21 11:17:52,020 INFO o.a.j.s.SampleEvent: List of sample_variables: []
2023-06-21 11:17:52,022 INFO o.a.j.e.u.CompoundVariable: Note: Function class names must contain the string: '.functions.'
2023-06-21 11:17:52,022 INFO o.a.j.e.u.CompoundVariable: Note: Function class names must not contain the string: '.gui.'
2023-06-21 11:17:52,349 INFO o.a.j.g.u.JMeterMenuBar: setRunning(true, *local*)
2023-06-21 11:17:52,469 INFO o.a.j.e.StandardJMeterEngine: Starting ThreadGroup: 1 : Thread Group
2023-06-21 11:17:52,470 INFO o.a.j.e.StandardJMeterEngine: Starting 2 threads for group Thread Group.
2023-06-21 11:17:52,470 INFO o.a.j.e.StandardJMeterEngine: Thread will continue on error
2023-06-21 11:17:52,470 INFO o.a.j.t.ThreadGroup: Starting thread group... number=1 threads=2 ramp-up=150 delayedStart=false
2023-06-21 11:17:52,484 INFO o.a.j.t.ThreadGroup: Started thread group number 1
2023-06-21 11:17:52,484 INFO o.a.j.t.JMeterThread: Thread started: Thread Group 1-1
2023-06-21 11:17:52,484 INFO o.a.j.e.StandardJMeterEngine: All thread groups have been started
2023-06-21 11:17:54,215 INFO o.a.j.s.FileServer: Stored: C:\Users\RAC IT\Desktop\BMS Performance\CSV\BMS Users.csv
2023-06-21 11:18:38,885 INFO o.a.j.t.JMeterThread: Thread is done: Thread Group 1-1
2023-06-21 11:18:38,885 INFO o.a.j.t.JMeterThread: Thread finished: Thread Group 1-1
2023-06-21 11:19:07,498 INFO o.a.j.t.JMeterThread: Thread started: Thread Group 1-2
2023-06-21 11:19:53,463 INFO o.a.j.t.JMeterThread: Thread is done: Thread Group 1-2
2023-06-21 11:19:53,463 INFO o.a.j.t.JMeterThread: Thread finished: Thread Group 1-2
2023-06-21 11:19:54,114 INFO o.a.j.e.StandardJMeterEngine: Notifying test listeners of end of test
2023-06-21 11:19:54,115 INFO o.a.j.s.FileServer: Close: C:\Users\RAC IT\Desktop\BMS Performance\CSV\BMS Users.csv
2023-06-21 11:19:54,121 INFO o.a.j.g.u.JMeterMenuBar: setRunning(false, *local*)
